<?xml version="1.0" encoding="UTF-8"?>
<web-app version="5.0"
	xmlns="https://jakarta.ee/xml/ns/jakartaee"
	xmlns:xsi="http://www.w3.org/2001/XMLSchema-instance"
	xsi:schemaLocation="https://jakarta.ee/xml/ns/jakartaee https://jakarta.ee/xml/ns/jakartaee/web-app_5_0.xsd">
	<env-entry>
		<env-entry-name>java:app/configuration/GraphTraversalUrl</env-entry-name>
		<env-entry-type>java.lang.String</env-entry-type>
		<env-entry-value>http://localhost:8080/cargo-tracker-test/rest/graph-traversal/shortest-path</env-entry-value>
	</env-entry>
	<data-source>
		<name>java:app/jdbc/CargoTrackerDatabase</name>
		<class-name>org.apache.derby.jdbc.EmbeddedDriver</class-name>
		<url>jdbc:derby:/tmp/test/cargo-tracker-database;create=true</url>
	</data-source>
</web-app>
